2022-Aug-30 04:37:04 Наличие необходимых модулей php (check_php_modules): Ok
Все необходимые модули установлены
2022-Aug-30 04:37:04 Обязательные параметры PHP (check_php_settings): Ok
Настройки правильные
2022-Aug-30 04:37:04 Модули веб-сервера (check_security): Ok
Конфликтов не выявлено
2022-Aug-30 04:37:04 Значения переменных сервера (check_server_vars): Ok
Корректные
2022-Aug-30 04:37:04 Сохранение сессии (check_session): Ok
50% done
2022-Aug-30 04:37:04 Параметры настройки UTF (mbstring и константа BX_UTF) (check_mbstring): Ok
Правильные. Сайт работает в UTF кодировке
2022-Aug-30 04:37:04 Служебные скрипты в корне сайта (check_install_scripts): Ok
Отсутствуют
2022-Aug-30 04:37:05 Работа с сокетами (check_socket): Ok
Connection to ssl://cyberpc.online:443	Success

Успешно
2022-Aug-30 04:37:05 Выполнение агентов на cron (check_bx_crontab): Warning
Замечание. Агенты выполняются на хитах, рекомендуется перевести выполнение агентов на cron
2022-Aug-30 12:20:21 Режим работы MySQL (check_mysql_mode): Ok
Успешно
